<?xml version="1.0" encoding="UTF-8"?>
<testng-results skipped="0" failed="0" ignored="0" total="1" passed="1">
  <reporter-output>
  </reporter-output>
  <suite name="regression" duration-ms="14699" started-at="2020-04-23T21:54:53 CDT" finished-at="2020-04-23T21:55:07 CDT">
    <groups>
    </groups>
    <test name="LoginTest" duration-ms="14699" started-at="2020-04-23T21:54:53 CDT" finished-at="2020-04-23T21:55:07 CDT">
      <class name="test.LoginTest">
        <test-method status="PASS" signature="validuserShouldLogin(java.lang.String, java.lang.String, java.lang.String, java.lang.String, java.lang.String)[pri:1, instance:test.LoginTest@7b49cea0]" name="validuserShouldLogin" duration-ms="14624" started-at="2020-04-23T21:54:53 CDT" finished-at="2020-04-23T21:55:07 CDT">
          <params>
            <param index="0">
              <value>
                <![CDATA[techfiosdemo@gmail.com]]>
              </value>
            </param>
            <param index="1">
              <value>
                <![CDATA[abc123]]>
              </value>
            </param>
            <param index="2">
              <value>
                <![CDATA[senait1]]>
              </value>
            </param>
            <param index="3">
              <value>
                <![CDATA[monthlysalary]]>
              </value>
            </param>
            <param index="4">
              <value>
                <![CDATA[10]]>
              </value>
            </param>
          </params>
          <reporter-output>
          </reporter-output>
        </test-method> <!-- validuserShouldLogin -->
      </class> <!-- test.LoginTest -->
    </test> <!-- LoginTest -->
  </suite> <!-- regression -->
</testng-results>
